<?xml version="1.0" encoding="UTF-8" ?>
<testsuite failures="0" time="0.494" errors="0" skipped="0" tests="4" name="com.plagiatorz.db.ReferenzDatenTest">
  <properties>
[...]
</properties>
  <testcase time="0.284" classname="com.plagiatorz.db.ReferenzDatenTest" name="testPaketStatus"/>
  <testcase time="0.072" classname="com.plagiatorz.db.ReferenzDatenTest" name="testMahnStatus"/>
  <testcase time="0.069" classname="com.plagiatorz.db.ReferenzDatenTest" name="testLager"/>
  <testcase time="0.065" classname="com.plagiatorz.db.ReferenzDatenTest" name="testKategorien"/>
</testsuite>